{"/home/runner/work/Advertisement-Campaigns/Advertisement-Campaigns/app.js": {"path":"/home/runner/work/Advertisement-Campaigns/Advertisement-Campaigns/app.js","statementMap":{"0":{"start":{"line":1,"column":16},"end":{"line":1,"column":34}},"1":{"start":{"line":2,"column":19},"end":{"line":2,"column":41}},"2":{"start":{"line":3,"column":15},"end":{"line":3,"column":32}},"3":{"start":{"line":4,"column":12},"end":{"line":4,"column":43}},"4":{"start":{"line":5,"column":11},"end":{"line":5,"column":24}},"5":{"start":{"line":6,"column":13},"end":{"line":6,"column":28}},"6":{"start":{"line":7,"column":0},"end":{"line":7,"column":27}},"7":{"start":{"line":8,"column":13},"end":{"line":8,"column":28}},"8":{"start":{"line":9,"column":12},"end":{"line":9,"column":21}},"9":{"start":{"line":10,"column":24},"end":{"line":10,"column":49}},"10":{"start":{"line":11,"column":17},"end":{"line":11,"column":36}},"11":{"start":{"line":12,"column":27},"end":{"line":12,"column":53}},"12":{"start":{"line":13,"column":18},"end":{"line":13,"column":22}},"13":{"start":{"line":14,"column":18},"end":{"line":14,"column":47}},"14":{"start":{"line":15,"column":15},"end":{"line":15,"column":32}},"15":{"start":{"line":18,"column":18},"end":{"line":18,"column":47}},"16":{"start":{"line":19,"column":13},"end":{"line":19,"column":37}},"17":{"start":{"line":20,"column":15},"end":{"line":20,"column":41}},"18":{"start":{"line":21,"column":20},"end":{"line":21,"column":51}},"19":{"start":{"line":22,"column":16},"end":{"line":22,"column":46}},"20":{"start":{"line":26,"column":16},"end":{"line":29,"column":2}},"21":{"start":{"line":30,"column":0},"end":{"line":30,"column":17}},"22":{"start":{"line":34,"column":0},"end":{"line":34,"column":18}},"23":{"start":{"line":37,"column":19},"end":{"line":39,"column":1}},"24":{"start":{"line":40,"column":0},"end":{"line":40,"column":26}},"25":{"start":{"line":43,"column":0},"end":{"line":47,"column":1}},"26":{"start":{"line":44,"column":2},"end":{"line":44,"column":25}},"27":{"start":{"line":46,"column":2},"end":{"line":46,"column":59}},"28":{"start":{"line":50,"column":0},"end":{"line":50,"column":44}},"29":{"start":{"line":51,"column":0},"end":{"line":51,"column":66}},"30":{"start":{"line":54,"column":11},"end":{"line":54,"column":53}},"31":{"start":{"line":56,"column":0},"end":{"line":56,"column":40}},"32":{"start":{"line":57,"column":0},"end":{"line":57,"column":30}},"33":{"start":{"line":58,"column":0},"end":{"line":58,"column":34}},"34":{"start":{"line":59,"column":0},"end":{"line":59,"column":44}},"35":{"start":{"line":60,"column":0},"end":{"line":60,"column":39}},"36":{"start":{"line":62,"column":0},"end":{"line":64,"column":3}},"37":{"start":{"line":63,"column":2},"end":{"line":63,"column":26}},"38":{"start":{"line":68,"column":18},"end":{"line":68,"column":58}},"39":{"start":{"line":69,"column":18},"end":{"line":69,"column":54}},"40":{"start":{"line":70,"column":20},"end":{"line":70,"column":60}},"41":{"start":{"line":71,"column":18},"end":{"line":71,"column":69}},"42":{"start":{"line":72,"column":18},"end":{"line":72,"column":69}},"43":{"start":{"line":74,"column":25},"end":{"line":74,"column":120}},"44":{"start":{"line":76,"column":2},"end":{"line":78,"column":3}},"45":{"start":{"line":77,"column":4},"end":{"line":77,"column":34}},"46":{"start":{"line":80,"column":2},"end":{"line":98,"column":7}},"47":{"start":{"line":83,"column":6},"end":{"line":85,"column":7}},"48":{"start":{"line":84,"column":8},"end":{"line":84,"column":41}},"49":{"start":{"line":86,"column":6},"end":{"line":86,"column":43}},"50":{"start":{"line":87,"column":6},"end":{"line":94,"column":7}},"51":{"start":{"line":88,"column":8},"end":{"line":88,"column":39}},"52":{"start":{"line":89,"column":8},"end":{"line":93,"column":11}},"53":{"start":{"line":90,"column":10},"end":{"line":92,"column":12}},"54":{"start":{"line":97,"column":6},"end":{"line":97,"column":23}},"55":{"start":{"line":100,"column":2},"end":{"line":104,"column":3}},"56":{"start":{"line":101,"column":4},"end":{"line":103,"column":5}},"57":{"start":{"line":102,"column":6},"end":{"line":102,"column":63}},"58":{"start":{"line":102,"column":37},"end":{"line":102,"column":61}},"59":{"start":{"line":108,"column":2},"end":{"line":108,"column":36}},"60":{"start":{"line":109,"column":2},"end":{"line":111,"column":3}},"61":{"start":{"line":110,"column":4},"end":{"line":110,"column":29}},"62":{"start":{"line":114,"column":0},"end":{"line":116,"column":1}},"63":{"start":{"line":115,"column":2},"end":{"line":115,"column":16}},"64":{"start":{"line":118,"column":0},"end":{"line":118,"column":50}}},"fnMap":{"0":{"name":"(anonymous_0)","decl":{"start":{"line":62,"column":17},"end":{"line":62,"column":18}},"loc":{"start":{"line":62,"column":31},"end":{"line":64,"column":1}},"line":62},"1":{"name":"startServer","decl":{"start":{"line":67,"column":15},"end":{"line":67,"column":26}},"loc":{"start":{"line":67,"column":29},"end":{"line":105,"column":1}},"line":67},"2":{"name":"(anonymous_2)","decl":{"start":{"line":82,"column":10},"end":{"line":82,"column":11}},"loc":{"start":{"line":82,"column":22},"end":{"line":95,"column":5}},"line":82},"3":{"name":"(anonymous_3)","decl":{"start":{"line":89,"column":71},"end":{"line":89,"column":72}},"loc":{"start":{"line":89,"column":77},"end":{"line":93,"column":9}},"line":89},"4":{"name":"(anonymous_4)","decl":{"start":{"line":96,"column":11},"end":{"line":96,"column":12}},"loc":{"start":{"line":96,"column":20},"end":{"line":98,"column":5}},"line":96},"5":{"name":"(anonymous_5)","decl":{"start":{"line":102,"column":24},"end":{"line":102,"column":25}},"loc":{"start":{"line":102,"column":37},"end":{"line":102,"column":61}},"line":102},"6":{"name":"stopServer","decl":{"start":{"line":107,"column":15},"end":{"line":107,"column":25}},"loc":{"start":{"line":107,"column":28},"end":{"line":112,"column":1}},"line":107}},"branchMap":{"0":{"loc":{"start":{"line":43,"column":0},"end":{"line":47,"column":1}},"type":"if","locations":[{"start":{"line":43,"column":0},"end":{"line":47,"column":1}},{"start":{"line":45,"column":7},"end":{"line":47,"column":1}}],"line":43},"1":{"loc":{"start":{"line":54,"column":11},"end":{"line":54,"column":53}},"type":"binary-expr","locations":[{"start":{"line":54,"column":11},"end":{"line":54,"column":40}},{"start":{"line":54,"column":44},"end":{"line":54,"column":53}}],"line":54},"2":{"loc":{"start":{"line":68,"column":18},"end":{"line":68,"column":58}},"type":"binary-expr","locations":[{"start":{"line":68,"column":18},"end":{"line":68,"column":43}},{"start":{"line":68,"column":47},"end":{"line":68,"column":58}}],"line":68},"3":{"loc":{"start":{"line":69,"column":18},"end":{"line":69,"column":54}},"type":"binary-expr","locations":[{"start":{"line":69,"column":18},"end":{"line":69,"column":43}},{"start":{"line":69,"column":47},"end":{"line":69,"column":54}}],"line":69},"4":{"loc":{"start":{"line":70,"column":20},"end":{"line":70,"column":60}},"type":"binary-expr","locations":[{"start":{"line":70,"column":20},"end":{"line":70,"column":45}},{"start":{"line":70,"column":49},"end":{"line":70,"column":60}}],"line":70},"5":{"loc":{"start":{"line":71,"column":18},"end":{"line":71,"column":69}},"type":"binary-expr","locations":[{"start":{"line":71,"column":18},"end":{"line":71,"column":63}},{"start":{"line":71,"column":67},"end":{"line":71,"column":69}}],"line":71},"6":{"loc":{"start":{"line":72,"column":18},"end":{"line":72,"column":69}},"type":"binary-expr","locations":[{"start":{"line":72,"column":18},"end":{"line":72,"column":63}},{"start":{"line":72,"column":67},"end":{"line":72,"column":69}}],"line":72},"7":{"loc":{"start":{"line":76,"column":2},"end":{"line":78,"column":3}},"type":"if","locations":[{"start":{"line":76,"column":2},"end":{"line":78,"column":3}},{"start":{},"end":{}}],"line":76},"8":{"loc":{"start":{"line":83,"column":6},"end":{"line":85,"column":7}},"type":"if","locations":[{"start":{"line":83,"column":6},"end":{"line":85,"column":7}},{"start":{},"end":{}}],"line":83},"9":{"loc":{"start":{"line":87,"column":6},"end":{"line":94,"column":7}},"type":"if","locations":[{"start":{"line":87,"column":6},"end":{"line":94,"column":7}},{"start":{},"end":{}}],"line":87},"10":{"loc":{"start":{"line":100,"column":2},"end":{"line":104,"column":3}},"type":"if","locations":[{"start":{"line":100,"column":2},"end":{"line":104,"column":3}},{"start":{},"end":{}}],"line":100},"11":{"loc":{"start":{"line":109,"column":2},"end":{"line":111,"column":3}},"type":"if","locations":[{"start":{"line":109,"column":2},"end":{"line":111,"column":3}},{"start":{},"end":{}}],"line":109},"12":{"loc":{"start":{"line":114,"column":0},"end":{"line":116,"column":1}},"type":"if","locations":[{"start":{"line":114,"column":0},"end":{"line":116,"column":1}},{"start":{},"end":{}}],"line":114}},"s":{"0":1,"1":1,"2":1,"3":1,"4":1,"5":1,"6":1,"7":1,"8":1,"9":1,"10":1,"11":1,"12":1,"13":1,"14":1,"15":1,"16":1,"17":1,"18":1,"19":1,"20":1,"21":1,"22":1,"23":1,"24":1,"25":1,"26":0,"27":1,"28":1,"29":1,"30":1,"31":1,"32":1,"33":1,"34":1,"35":1,"36":1,"37":0,"38":1,"39":1,"40":1,"41":1,"42":1,"43":1,"44":1,"45":0,"46":1,"47":1,"48":0,"49":1,"50":1,"51":0,"52":0,"53":0,"54":0,"55":1,"56":1,"57":1,"58":1,"59":1,"60":1,"61":1,"62":1,"63":0,"64":1},"f":{"0":0,"1":1,"2":1,"3":0,"4":0,"5":1,"6":1},"b":{"0":[0,1],"1":[1,0],"2":[1,0],"3":[1,0],"4":[1,0],"5":[1,0],"6":[1,0],"7":[0,1],"8":[0,1],"9":[0,1],"10":[1,0],"11":[1,0],"12":[0,1]},"_coverageSchema":"1a1c01bbd47fc00a2c39e90264f33305004495a9","hash":"ac6936e8f174f4e70b0703a75f5ebdf26e9eb8be"}
,"/home/runner/work/Advertisement-Campaigns/Advertisement-Campaigns/controllers/CampaignsController.js": {"path":"/home/runner/work/Advertisement-Campaigns/Advertisement-Campaigns/controllers/CampaignsController.js","statementMap":{"0":{"start":{"line":1,"column":17},"end":{"line":1,"column":47}},"1":{"start":{"line":2,"column":16},"end":{"line":2,"column":38}},"2":{"start":{"line":5,"column":20},"end":{"line":5,"column":24}},"3":{"start":{"line":8,"column":4},"end":{"line":10,"column":5}},"4":{"start":{"line":9,"column":6},"end":{"line":9,"column":42}},"5":{"start":{"line":11,"column":4},"end":{"line":11,"column":40}},"6":{"start":{"line":15,"column":15},"end":{"line":15,"column":23}},"7":{"start":{"line":16,"column":16},"end":{"line":24,"column":5}},"8":{"start":{"line":25,"column":21},"end":{"line":25,"column":47}},"9":{"start":{"line":26,"column":4},"end":{"line":31,"column":5}},"10":{"start":{"line":27,"column":6},"end":{"line":30,"column":9}},"11":{"start":{"line":33,"column":25},"end":{"line":35,"column":6}},"12":{"start":{"line":36,"column":4},"end":{"line":40,"column":5}},"13":{"start":{"line":37,"column":6},"end":{"line":39,"column":9}},"14":{"start":{"line":42,"column":4},"end":{"line":49,"column":5}},"15":{"start":{"line":43,"column":21},"end":{"line":43,"column":39}},"16":{"start":{"line":44,"column":6},"end":{"line":44,"column":28}},"17":{"start":{"line":45,"column":6},"end":{"line":45,"column":44}},"18":{"start":{"line":47,"column":20},"end":{"line":47,"column":33}},"19":{"start":{"line":48,"column":6},"end":{"line":48,"column":56}},"20":{"start":{"line":55,"column":13},"end":{"line":55,"column":26}},"21":{"start":{"line":56,"column":4},"end":{"line":64,"column":5}},"22":{"start":{"line":57,"column":21},"end":{"line":57,"column":48}},"23":{"start":{"line":58,"column":6},"end":{"line":60,"column":7}},"24":{"start":{"line":59,"column":8},"end":{"line":59,"column":71}},"25":{"start":{"line":61,"column":6},"end":{"line":61,"column":44}},"26":{"start":{"line":63,"column":6},"end":{"line":63,"column":72}},"27":{"start":{"line":70,"column":13},"end":{"line":70,"column":26}},"28":{"start":{"line":71,"column":15},"end":{"line":71,"column":23}},"29":{"start":{"line":72,"column":16},"end":{"line":81,"column":5}},"30":{"start":{"line":82,"column":21},"end":{"line":82,"column":47}},"31":{"start":{"line":83,"column":4},"end":{"line":88,"column":5}},"32":{"start":{"line":84,"column":6},"end":{"line":87,"column":9}},"33":{"start":{"line":89,"column":4},"end":{"line":97,"column":5}},"34":{"start":{"line":90,"column":21},"end":{"line":90,"column":78}},"35":{"start":{"line":91,"column":6},"end":{"line":93,"column":7}},"36":{"start":{"line":92,"column":8},"end":{"line":92,"column":71}},"37":{"start":{"line":94,"column":6},"end":{"line":94,"column":44}},"38":{"start":{"line":96,"column":6},"end":{"line":96,"column":72}},"39":{"start":{"line":102,"column":13},"end":{"line":102,"column":26}},"40":{"start":{"line":103,"column":4},"end":{"line":111,"column":5}},"41":{"start":{"line":104,"column":21},"end":{"line":104,"column":57}},"42":{"start":{"line":105,"column":6},"end":{"line":107,"column":7}},"43":{"start":{"line":106,"column":8},"end":{"line":106,"column":71}},"44":{"start":{"line":108,"column":6},"end":{"line":108,"column":36}},"45":{"start":{"line":110,"column":6},"end":{"line":110,"column":72}},"46":{"start":{"line":115,"column":4},"end":{"line":120,"column":5}},"47":{"start":{"line":116,"column":22},"end":{"line":116,"column":43}},"48":{"start":{"line":117,"column":6},"end":{"line":117,"column":45}},"49":{"start":{"line":119,"column":6},"end":{"line":119,"column":72}},"50":{"start":{"line":124,"column":0},"end":{"line":124,"column":37}}},"fnMap":{"0":{"name":"(anonymous_0)","decl":{"start":{"line":7,"column":2},"end":{"line":7,"column":3}},"loc":{"start":{"line":7,"column":16},"end":{"line":12,"column":3}},"line":7},"1":{"name":"(anonymous_1)","decl":{"start":{"line":14,"column":2},"end":{"line":14,"column":3}},"loc":{"start":{"line":14,"column":33},"end":{"line":50,"column":3}},"line":14},"2":{"name":"(anonymous_2)","decl":{"start":{"line":52,"column":2},"end":{"line":52,"column":3}},"loc":{"start":{"line":52,"column":30},"end":{"line":65,"column":3}},"line":52},"3":{"name":"(anonymous_3)","decl":{"start":{"line":67,"column":2},"end":{"line":67,"column":3}},"loc":{"start":{"line":67,"column":33},"end":{"line":98,"column":3}},"line":67},"4":{"name":"(anonymous_4)","decl":{"start":{"line":100,"column":2},"end":{"line":100,"column":3}},"loc":{"start":{"line":100,"column":33},"end":{"line":112,"column":3}},"line":100},"5":{"name":"(anonymous_5)","decl":{"start":{"line":114,"column":2},"end":{"line":114,"column":3}},"loc":{"start":{"line":114,"column":31},"end":{"line":121,"column":3}},"line":114}},"branchMap":{"0":{"loc":{"start":{"line":8,"column":4},"end":{"line":10,"column":5}},"type":"if","locations":[{"start":{"line":8,"column":4},"end":{"line":10,"column":5}},{"start":{},"end":{}}],"line":8},"1":{"loc":{"start":{"line":26,"column":4},"end":{"line":31,"column":5}},"type":"if","locations":[{"start":{"line":26,"column":4},"end":{"line":31,"column":5}},{"start":{},"end":{}}],"line":26},"2":{"loc":{"start":{"line":36,"column":4},"end":{"line":40,"column":5}},"type":"if","locations":[{"start":{"line":36,"column":4},"end":{"line":40,"column":5}},{"start":{},"end":{}}],"line":36},"3":{"loc":{"start":{"line":58,"column":6},"end":{"line":60,"column":7}},"type":"if","locations":[{"start":{"line":58,"column":6},"end":{"line":60,"column":7}},{"start":{},"end":{}}],"line":58},"4":{"loc":{"start":{"line":83,"column":4},"end":{"line":88,"column":5}},"type":"if","locations":[{"start":{"line":83,"column":4},"end":{"line":88,"column":5}},{"start":{},"end":{}}],"line":83},"5":{"loc":{"start":{"line":91,"column":6},"end":{"line":93,"column":7}},"type":"if","locations":[{"start":{"line":91,"column":6},"end":{"line":93,"column":7}},{"start":{},"end":{}}],"line":91},"6":{"loc":{"start":{"line":105,"column":6},"end":{"line":107,"column":7}},"type":"if","locations":[{"start":{"line":105,"column":6},"end":{"line":107,"column":7}},{"start":{},"end":{}}],"line":105}},"s":{"0":1,"1":1,"2":1,"3":1,"4":0,"5":1,"6":1,"7":1,"8":1,"9":1,"10":0,"11":1,"12":1,"13":0,"14":1,"15":1,"16":1,"17":1,"18":0,"19":0,"20":1,"21":1,"22":1,"23":1,"24":0,"25":1,"26":0,"27":1,"28":1,"29":1,"30":1,"31":1,"32":0,"33":1,"34":1,"35":1,"36":0,"37":1,"38":0,"39":1,"40":1,"41":1,"42":1,"43":0,"44":1,"45":0,"46":1,"47":1,"48":1,"49":0,"50":1},"f":{"0":1,"1":1,"2":1,"3":1,"4":1,"5":1},"b":{"0":[0,1],"1":[0,1],"2":[0,1],"3":[0,1],"4":[0,1],"5":[0,1],"6":[0,1]},"_coverageSchema":"1a1c01bbd47fc00a2c39e90264f33305004495a9","hash":"cf07e942c9561f9449e5992dbb74baf85d3cef32"}
,"/home/runner/work/Advertisement-Campaigns/Advertisement-Campaigns/controllers/ConversionsController.js": {"path":"/home/runner/work/Advertisement-Campaigns/Advertisement-Campaigns/controllers/ConversionsController.js","statementMap":{"0":{"start":{"line":1,"column":19},"end":{"line":1,"column":51}},"1":{"start":{"line":2,"column":16},"end":{"line":2,"column":38}},"2":{"start":{"line":3,"column":11},"end":{"line":3,"column":37}},"3":{"start":{"line":4,"column":27},"end":{"line":4,"column":54}},"4":{"start":{"line":8,"column":20},"end":{"line":8,"column":24}},"5":{"start":{"line":11,"column":4},"end":{"line":13,"column":5}},"6":{"start":{"line":12,"column":6},"end":{"line":12,"column":44}},"7":{"start":{"line":14,"column":4},"end":{"line":14,"column":42}},"8":{"start":{"line":18,"column":15},"end":{"line":18,"column":23}},"9":{"start":{"line":19,"column":15},"end":{"line":19,"column":24}},"10":{"start":{"line":20,"column":16},"end":{"line":20,"column":26}},"11":{"start":{"line":22,"column":16},"end":{"line":25,"column":5}},"12":{"start":{"line":27,"column":21},"end":{"line":27,"column":47}},"13":{"start":{"line":29,"column":4},"end":{"line":31,"column":5}},"14":{"start":{"line":30,"column":6},"end":{"line":30,"column":59}},"15":{"start":{"line":35,"column":26},"end":{"line":35,"column":60}},"16":{"start":{"line":36,"column":4},"end":{"line":38,"column":5}},"17":{"start":{"line":37,"column":6},"end":{"line":37,"column":59}},"18":{"start":{"line":41,"column":17},"end":{"line":41,"column":41}},"19":{"start":{"line":42,"column":4},"end":{"line":44,"column":5}},"20":{"start":{"line":43,"column":6},"end":{"line":43,"column":62}},"21":{"start":{"line":47,"column":22},"end":{"line":47,"column":44}},"22":{"start":{"line":48,"column":14},"end":{"line":48,"column":28}},"23":{"start":{"line":49,"column":16},"end":{"line":49,"column":52}},"24":{"start":{"line":50,"column":4},"end":{"line":52,"column":5}},"25":{"start":{"line":51,"column":6},"end":{"line":51,"column":62}},"26":{"start":{"line":55,"column":21},"end":{"line":58,"column":6}},"27":{"start":{"line":60,"column":4},"end":{"line":60,"column":28}},"28":{"start":{"line":62,"column":4},"end":{"line":62,"column":36}},"29":{"start":{"line":67,"column":15},"end":{"line":67,"column":30}},"30":{"start":{"line":69,"column":22},"end":{"line":72,"column":31}},"31":{"start":{"line":74,"column":4},"end":{"line":76,"column":5}},"32":{"start":{"line":75,"column":6},"end":{"line":75,"column":71}},"33":{"start":{"line":77,"column":4},"end":{"line":77,"column":45}},"34":{"start":{"line":81,"column":0},"end":{"line":81,"column":39}}},"fnMap":{"0":{"name":"(anonymous_0)","decl":{"start":{"line":10,"column":2},"end":{"line":10,"column":3}},"loc":{"start":{"line":10,"column":16},"end":{"line":15,"column":3}},"line":10},"1":{"name":"(anonymous_1)","decl":{"start":{"line":17,"column":2},"end":{"line":17,"column":3}},"loc":{"start":{"line":17,"column":35},"end":{"line":63,"column":3}},"line":17},"2":{"name":"(anonymous_2)","decl":{"start":{"line":65,"column":2},"end":{"line":65,"column":3}},"loc":{"start":{"line":65,"column":32},"end":{"line":78,"column":3}},"line":65}},"branchMap":{"0":{"loc":{"start":{"line":11,"column":4},"end":{"line":13,"column":5}},"type":"if","locations":[{"start":{"line":11,"column":4},"end":{"line":13,"column":5}},{"start":{},"end":{}}],"line":11},"1":{"loc":{"start":{"line":29,"column":4},"end":{"line":31,"column":5}},"type":"if","locations":[{"start":{"line":29,"column":4},"end":{"line":31,"column":5}},{"start":{},"end":{}}],"line":29},"2":{"loc":{"start":{"line":36,"column":4},"end":{"line":38,"column":5}},"type":"if","locations":[{"start":{"line":36,"column":4},"end":{"line":38,"column":5}},{"start":{},"end":{}}],"line":36},"3":{"loc":{"start":{"line":42,"column":4},"end":{"line":44,"column":5}},"type":"if","locations":[{"start":{"line":42,"column":4},"end":{"line":44,"column":5}},{"start":{},"end":{}}],"line":42},"4":{"loc":{"start":{"line":50,"column":4},"end":{"line":52,"column":5}},"type":"if","locations":[{"start":{"line":50,"column":4},"end":{"line":52,"column":5}},{"start":{},"end":{}}],"line":50},"5":{"loc":{"start":{"line":50,"column":8},"end":{"line":50,"column":34}},"type":"binary-expr","locations":[{"start":{"line":50,"column":8},"end":{"line":50,"column":14}},{"start":{"line":50,"column":18},"end":{"line":50,"column":34}}],"line":50},"6":{"loc":{"start":{"line":74,"column":4},"end":{"line":76,"column":5}},"type":"if","locations":[{"start":{"line":74,"column":4},"end":{"line":76,"column":5}},{"start":{},"end":{}}],"line":74}},"s":{"0":1,"1":1,"2":1,"3":1,"4":1,"5":1,"6":0,"7":1,"8":0,"9":0,"10":0,"11":0,"12":0,"13":0,"14":0,"15":0,"16":0,"17":0,"18":0,"19":0,"20":0,"21":0,"22":0,"23":0,"24":0,"25":0,"26":0,"27":0,"28":0,"29":0,"30":0,"31":0,"32":0,"33":0,"34":1},"f":{"0":1,"1":0,"2":0},"b":{"0":[0,1],"1":[0,0],"2":[0,0],"3":[0,0],"4":[0,0],"5":[0,0],"6":[0,0]},"_coverageSchema":"1a1c01bbd47fc00a2c39e90264f33305004495a9","hash":"cf285b7cf11f6d7dac5d1d168af7495efae9a8ec"}
,"/home/runner/work/Advertisement-Campaigns/Advertisement-Campaigns/controllers/QrCodeController.js": {"path":"/home/runner/work/Advertisement-Campaigns/Advertisement-Campaigns/controllers/QrCodeController.js","statementMap":{"0":{"start":{"line":1,"column":17},"end":{"line":1,"column":47}},"1":{"start":{"line":2,"column":18},"end":{"line":2,"column":40}},"2":{"start":{"line":3,"column":13},"end":{"line":3,"column":28}},"3":{"start":{"line":4,"column":13},"end":{"line":4,"column":39}},"4":{"start":{"line":5,"column":14},"end":{"line":5,"column":35}},"5":{"start":{"line":6,"column":23},"end":{"line":6,"column":54}},"6":{"start":{"line":7,"column":20},"end":{"line":7,"column":38}},"7":{"start":{"line":8,"column":27},"end":{"line":8,"column":54}},"8":{"start":{"line":9,"column":17},"end":{"line":16,"column":2}},"9":{"start":{"line":21,"column":20},"end":{"line":21,"column":24}},"10":{"start":{"line":24,"column":4},"end":{"line":26,"column":5}},"11":{"start":{"line":25,"column":6},"end":{"line":25,"column":39}},"12":{"start":{"line":27,"column":4},"end":{"line":27,"column":37}},"13":{"start":{"line":31,"column":15},"end":{"line":31,"column":23}},"14":{"start":{"line":33,"column":4},"end":{"line":35,"column":5}},"15":{"start":{"line":34,"column":6},"end":{"line":34,"column":73}},"16":{"start":{"line":37,"column":4},"end":{"line":44,"column":5}},"17":{"start":{"line":38,"column":6},"end":{"line":40,"column":9}},"18":{"start":{"line":41,"column":6},"end":{"line":43,"column":7}},"19":{"start":{"line":42,"column":8},"end":{"line":42,"column":71}},"20":{"start":{"line":45,"column":4},"end":{"line":50,"column":5}},"21":{"start":{"line":46,"column":6},"end":{"line":46,"column":50}},"22":{"start":{"line":47,"column":6},"end":{"line":49,"column":7}},"23":{"start":{"line":48,"column":8},"end":{"line":48,"column":71}},"24":{"start":{"line":52,"column":4},"end":{"line":54,"column":5}},"25":{"start":{"line":53,"column":6},"end":{"line":53,"column":73}},"26":{"start":{"line":56,"column":14},"end":{"line":56,"column":32}},"27":{"start":{"line":57,"column":4},"end":{"line":59,"column":5}},"28":{"start":{"line":58,"column":6},"end":{"line":58,"column":76}},"29":{"start":{"line":61,"column":26},"end":{"line":61,"column":53}},"30":{"start":{"line":62,"column":21},"end":{"line":62,"column":56}},"31":{"start":{"line":63,"column":4},"end":{"line":63,"column":53}},"32":{"start":{"line":67,"column":13},"end":{"line":67,"column":26}},"33":{"start":{"line":68,"column":15},"end":{"line":68,"column":24}},"34":{"start":{"line":69,"column":4},"end":{"line":69,"column":24}},"35":{"start":{"line":70,"column":19},"end":{"line":70,"column":46}},"36":{"start":{"line":71,"column":4},"end":{"line":73,"column":5}},"37":{"start":{"line":72,"column":6},"end":{"line":72,"column":69}},"38":{"start":{"line":74,"column":4},"end":{"line":76,"column":5}},"39":{"start":{"line":75,"column":6},"end":{"line":75,"column":73}},"40":{"start":{"line":78,"column":19},"end":{"line":78,"column":61}},"41":{"start":{"line":79,"column":4},"end":{"line":79,"column":32}},"42":{"start":{"line":80,"column":17},"end":{"line":80,"column":57}},"43":{"start":{"line":83,"column":4},"end":{"line":83,"column":55}},"44":{"start":{"line":86,"column":16},"end":{"line":86,"column":66}},"45":{"start":{"line":87,"column":16},"end":{"line":87,"column":30}},"46":{"start":{"line":88,"column":22},"end":{"line":88,"column":44}},"47":{"start":{"line":89,"column":4},"end":{"line":89,"column":48}},"48":{"start":{"line":90,"column":19},"end":{"line":90,"column":43}},"49":{"start":{"line":93,"column":4},"end":{"line":124,"column":5}},"50":{"start":{"line":94,"column":16},"end":{"line":94,"column":86}},"51":{"start":{"line":95,"column":6},"end":{"line":95,"column":31}},"52":{"start":{"line":97,"column":6},"end":{"line":100,"column":7}},"53":{"start":{"line":98,"column":18},"end":{"line":98,"column":88}},"54":{"start":{"line":99,"column":8},"end":{"line":99,"column":14}},"55":{"start":{"line":104,"column":23},"end":{"line":104,"column":67}},"56":{"start":{"line":105,"column":17},"end":{"line":122,"column":6}},"57":{"start":{"line":123,"column":6},"end":{"line":123,"column":28}},"58":{"start":{"line":128,"column":15},"end":{"line":128,"column":23}},"59":{"start":{"line":129,"column":15},"end":{"line":129,"column":25}},"60":{"start":{"line":130,"column":15},"end":{"line":130,"column":77}},"61":{"start":{"line":131,"column":16},"end":{"line":131,"column":32}},"62":{"start":{"line":132,"column":19},"end":{"line":132,"column":28}},"63":{"start":{"line":133,"column":17},"end":{"line":133,"column":44}},"64":{"start":{"line":134,"column":26},"end":{"line":134,"column":49}},"65":{"start":{"line":135,"column":15},"end":{"line":143,"column":6}},"66":{"start":{"line":145,"column":4},"end":{"line":145,"column":22}},"67":{"start":{"line":149,"column":20},"end":{"line":160,"column":5}},"68":{"start":{"line":162,"column":4},"end":{"line":164,"column":7}},"69":{"start":{"line":163,"column":6},"end":{"line":163,"column":39}},"70":{"start":{"line":168,"column":0},"end":{"line":168,"column":34}}},"fnMap":{"0":{"name":"(anonymous_0)","decl":{"start":{"line":23,"column":2},"end":{"line":23,"column":3}},"loc":{"start":{"line":23,"column":16},"end":{"line":28,"column":3}},"line":23},"1":{"name":"(anonymous_1)","decl":{"start":{"line":30,"column":2},"end":{"line":30,"column":3}},"loc":{"start":{"line":30,"column":33},"end":{"line":64,"column":3}},"line":30},"2":{"name":"(anonymous_2)","decl":{"start":{"line":66,"column":2},"end":{"line":66,"column":3}},"loc":{"start":{"line":66,"column":37},"end":{"line":125,"column":3}},"line":66},"3":{"name":"(anonymous_3)","decl":{"start":{"line":127,"column":2},"end":{"line":127,"column":3}},"loc":{"start":{"line":127,"column":48},"end":{"line":146,"column":3}},"line":127},"4":{"name":"(anonymous_4)","decl":{"start":{"line":148,"column":2},"end":{"line":148,"column":3}},"loc":{"start":{"line":148,"column":26},"end":{"line":165,"column":3}},"line":148},"5":{"name":"(anonymous_5)","decl":{"start":{"line":162,"column":24},"end":{"line":162,"column":25}},"loc":{"start":{"line":162,"column":41},"end":{"line":164,"column":5}},"line":162}},"branchMap":{"0":{"loc":{"start":{"line":24,"column":4},"end":{"line":26,"column":5}},"type":"if","locations":[{"start":{"line":24,"column":4},"end":{"line":26,"column":5}},{"start":{},"end":{}}],"line":24},"1":{"loc":{"start":{"line":33,"column":4},"end":{"line":35,"column":5}},"type":"if","locations":[{"start":{"line":33,"column":4},"end":{"line":35,"column":5}},{"start":{},"end":{}}],"line":33},"2":{"loc":{"start":{"line":33,"column":8},"end":{"line":33,"column":30}},"type":"binary-expr","locations":[{"start":{"line":33,"column":8},"end":{"line":33,"column":18}},{"start":{"line":33,"column":22},"end":{"line":33,"column":30}}],"line":33},"3":{"loc":{"start":{"line":37,"column":4},"end":{"line":44,"column":5}},"type":"if","locations":[{"start":{"line":37,"column":4},"end":{"line":44,"column":5}},{"start":{},"end":{}}],"line":37},"4":{"loc":{"start":{"line":41,"column":6},"end":{"line":43,"column":7}},"type":"if","locations":[{"start":{"line":41,"column":6},"end":{"line":43,"column":7}},{"start":{},"end":{}}],"line":41},"5":{"loc":{"start":{"line":45,"column":4},"end":{"line":50,"column":5}},"type":"if","locations":[{"start":{"line":45,"column":4},"end":{"line":50,"column":5}},{"start":{},"end":{}}],"line":45},"6":{"loc":{"start":{"line":47,"column":6},"end":{"line":49,"column":7}},"type":"if","locations":[{"start":{"line":47,"column":6},"end":{"line":49,"column":7}},{"start":{},"end":{}}],"line":47},"7":{"loc":{"start":{"line":52,"column":4},"end":{"line":54,"column":5}},"type":"if","locations":[{"start":{"line":52,"column":4},"end":{"line":54,"column":5}},{"start":{},"end":{}}],"line":52},"8":{"loc":{"start":{"line":57,"column":4},"end":{"line":59,"column":5}},"type":"if","locations":[{"start":{"line":57,"column":4},"end":{"line":59,"column":5}},{"start":{},"end":{}}],"line":57},"9":{"loc":{"start":{"line":71,"column":4},"end":{"line":73,"column":5}},"type":"if","locations":[{"start":{"line":71,"column":4},"end":{"line":73,"column":5}},{"start":{},"end":{}}],"line":71},"10":{"loc":{"start":{"line":74,"column":4},"end":{"line":76,"column":5}},"type":"if","locations":[{"start":{"line":74,"column":4},"end":{"line":76,"column":5}},{"start":{},"end":{}}],"line":74},"11":{"loc":{"start":{"line":93,"column":4},"end":{"line":124,"column":5}},"type":"if","locations":[{"start":{"line":93,"column":4},"end":{"line":124,"column":5}},{"start":{"line":96,"column":11},"end":{"line":124,"column":5}}],"line":93},"12":{"loc":{"start":{"line":93,"column":8},"end":{"line":93,"column":35}},"type":"binary-expr","locations":[{"start":{"line":93,"column":8},"end":{"line":93,"column":15}},{"start":{"line":93,"column":19},"end":{"line":93,"column":35}}],"line":93},"13":{"loc":{"start":{"line":97,"column":6},"end":{"line":100,"column":7}},"type":"if","locations":[{"start":{"line":97,"column":6},"end":{"line":100,"column":7}},{"start":{},"end":{}}],"line":97},"14":{"loc":{"start":{"line":97,"column":10},"end":{"line":97,"column":55}},"type":"binary-expr","locations":[{"start":{"line":97,"column":10},"end":{"line":97,"column":35}},{"start":{"line":97,"column":39},"end":{"line":97,"column":55}}],"line":97},"15":{"loc":{"start":{"line":130,"column":15},"end":{"line":130,"column":77}},"type":"binary-expr","locations":[{"start":{"line":130,"column":15},"end":{"line":130,"column":45}},{"start":{"line":130,"column":49},"end":{"line":130,"column":77}}],"line":130},"16":{"loc":{"start":{"line":132,"column":19},"end":{"line":132,"column":28}},"type":"binary-expr","locations":[{"start":{"line":132,"column":19},"end":{"line":132,"column":22}},{"start":{"line":132,"column":26},"end":{"line":132,"column":28}}],"line":132},"17":{"loc":{"start":{"line":141,"column":23},"end":{"line":141,"column":51}},"type":"binary-expr","locations":[{"start":{"line":141,"column":23},"end":{"line":141,"column":38}},{"start":{"line":141,"column":42},"end":{"line":141,"column":51}}],"line":141},"18":{"loc":{"start":{"line":142,"column":14},"end":{"line":142,"column":33}},"type":"binary-expr","locations":[{"start":{"line":142,"column":14},"end":{"line":142,"column":20}},{"start":{"line":142,"column":24},"end":{"line":142,"column":33}}],"line":142}},"s":{"0":1,"1":1,"2":1,"3":1,"4":1,"5":1,"6":1,"7":1,"8":1,"9":1,"10":1,"11":0,"12":1,"13":0,"14":0,"15":0,"16":0,"17":0,"18":0,"19":0,"20":0,"21":0,"22":0,"23":0,"24":0,"25":0,"26":0,"27":0,"28":0,"29":0,"30":0,"31":0,"32":0,"33":0,"34":0,"35":0,"36":0,"37":0,"38":0,"39":0,"40":0,"41":0,"42":0,"43":0,"44":0,"45":0,"46":0,"47":0,"48":0,"49":0,"50":0,"51":0,"52":0,"53":0,"54":0,"55":0,"56":0,"57":0,"58":0,"59":0,"60":0,"61":0,"62":0,"63":0,"64":0,"65":0,"66":0,"67":0,"68":0,"69":0,"70":1},"f":{"0":1,"1":0,"2":0,"3":0,"4":0,"5":0},"b":{"0":[0,1],"1":[0,0],"2":[0,0],"3":[0,0],"4":[0,0],"5":[0,0],"6":[0,0],"7":[0,0],"8":[0,0],"9":[0,0],"10":[0,0],"11":[0,0],"12":[0,0],"13":[0,0],"14":[0,0],"15":[0,0],"16":[0,0],"17":[0,0],"18":[0,0]},"_coverageSchema":"1a1c01bbd47fc00a2c39e90264f33305004495a9","hash":"cc6a7be441e5409f1b01d3ee8905f037b4d66a42"}
,"/home/runner/work/Advertisement-Campaigns/Advertisement-Campaigns/controllers/StatisticsController.js": {"path":"/home/runner/work/Advertisement-Campaigns/Advertisement-Campaigns/controllers/StatisticsController.js","statementMap":{"0":{"start":{"line":1,"column":17},"end":{"line":1,"column":47}},"1":{"start":{"line":2,"column":13},"end":{"line":2,"column":39}},"2":{"start":{"line":6,"column":22},"end":{"line":6,"column":26}},"3":{"start":{"line":9,"column":8},"end":{"line":11,"column":9}},"4":{"start":{"line":10,"column":12},"end":{"line":10,"column":49}},"5":{"start":{"line":12,"column":8},"end":{"line":12,"column":45}},"6":{"start":{"line":18,"column":25},"end":{"line":18,"column":38}},"7":{"start":{"line":20,"column":23},"end":{"line":21,"column":33}},"8":{"start":{"line":22,"column":8},"end":{"line":24,"column":9}},"9":{"start":{"line":23,"column":12},"end":{"line":23,"column":75}},"10":{"start":{"line":26,"column":20},"end":{"line":26,"column":45}},"11":{"start":{"line":29,"column":25},"end":{"line":34,"column":9}},"12":{"start":{"line":36,"column":8},"end":{"line":42,"column":11}},"13":{"start":{"line":37,"column":27},"end":{"line":37,"column":66}},"14":{"start":{"line":38,"column":12},"end":{"line":40,"column":13}},"15":{"start":{"line":39,"column":16},"end":{"line":39,"column":58}},"16":{"start":{"line":41,"column":12},"end":{"line":41,"column":52}},"17":{"start":{"line":45,"column":8},"end":{"line":51,"column":11}},"18":{"start":{"line":46,"column":34},"end":{"line":46,"column":67}},"19":{"start":{"line":47,"column":12},"end":{"line":49,"column":13}},"20":{"start":{"line":48,"column":16},"end":{"line":48,"column":64}},"21":{"start":{"line":50,"column":12},"end":{"line":50,"column":58}},"22":{"start":{"line":54,"column":8},"end":{"line":60,"column":11}},"23":{"start":{"line":55,"column":25},"end":{"line":55,"column":49}},"24":{"start":{"line":56,"column":12},"end":{"line":58,"column":13}},"25":{"start":{"line":57,"column":16},"end":{"line":57,"column":46}},"26":{"start":{"line":59,"column":12},"end":{"line":59,"column":40}},"27":{"start":{"line":63,"column":8},"end":{"line":63,"column":48}},"28":{"start":{"line":70,"column":0},"end":{"line":70,"column":38}}},"fnMap":{"0":{"name":"(anonymous_0)","decl":{"start":{"line":8,"column":4},"end":{"line":8,"column":5}},"loc":{"start":{"line":8,"column":18},"end":{"line":13,"column":5}},"line":8},"1":{"name":"(anonymous_1)","decl":{"start":{"line":15,"column":4},"end":{"line":15,"column":5}},"loc":{"start":{"line":15,"column":42},"end":{"line":65,"column":5}},"line":15},"2":{"name":"(anonymous_2)","decl":{"start":{"line":36,"column":22},"end":{"line":36,"column":23}},"loc":{"start":{"line":36,"column":30},"end":{"line":42,"column":9}},"line":36},"3":{"name":"(anonymous_3)","decl":{"start":{"line":45,"column":22},"end":{"line":45,"column":23}},"loc":{"start":{"line":45,"column":30},"end":{"line":51,"column":9}},"line":45},"4":{"name":"(anonymous_4)","decl":{"start":{"line":54,"column":22},"end":{"line":54,"column":23}},"loc":{"start":{"line":54,"column":30},"end":{"line":60,"column":9}},"line":54}},"branchMap":{"0":{"loc":{"start":{"line":9,"column":8},"end":{"line":11,"column":9}},"type":"if","locations":[{"start":{"line":9,"column":8},"end":{"line":11,"column":9}},{"start":{},"end":{}}],"line":9},"1":{"loc":{"start":{"line":22,"column":8},"end":{"line":24,"column":9}},"type":"if","locations":[{"start":{"line":22,"column":8},"end":{"line":24,"column":9}},{"start":{},"end":{}}],"line":22},"2":{"loc":{"start":{"line":37,"column":27},"end":{"line":37,"column":66}},"type":"binary-expr","locations":[{"start":{"line":37,"column":27},"end":{"line":37,"column":40}},{"start":{"line":37,"column":44},"end":{"line":37,"column":66}}],"line":37},"3":{"loc":{"start":{"line":38,"column":12},"end":{"line":40,"column":13}},"type":"if","locations":[{"start":{"line":38,"column":12},"end":{"line":40,"column":13}},{"start":{},"end":{}}],"line":38},"4":{"loc":{"start":{"line":46,"column":34},"end":{"line":46,"column":67}},"type":"binary-expr","locations":[{"start":{"line":46,"column":34},"end":{"line":46,"column":54}},{"start":{"line":46,"column":58},"end":{"line":46,"column":67}}],"line":46},"5":{"loc":{"start":{"line":47,"column":12},"end":{"line":49,"column":13}},"type":"if","locations":[{"start":{"line":47,"column":12},"end":{"line":49,"column":13}},{"start":{},"end":{}}],"line":47},"6":{"loc":{"start":{"line":55,"column":25},"end":{"line":55,"column":49}},"type":"binary-expr","locations":[{"start":{"line":55,"column":25},"end":{"line":55,"column":36}},{"start":{"line":55,"column":40},"end":{"line":55,"column":49}}],"line":55},"7":{"loc":{"start":{"line":56,"column":12},"end":{"line":58,"column":13}},"type":"if","locations":[{"start":{"line":56,"column":12},"end":{"line":58,"column":13}},{"start":{},"end":{}}],"line":56}},"s":{"0":1,"1":1,"2":1,"3":1,"4":0,"5":1,"6":0,"7":0,"8":0,"9":0,"10":0,"11":0,"12":0,"13":0,"14":0,"15":0,"16":0,"17":0,"18":0,"19":0,"20":0,"21":0,"22":0,"23":0,"24":0,"25":0,"26":0,"27":0,"28":1},"f":{"0":1,"1":0,"2":0,"3":0,"4":0},"b":{"0":[0,1],"1":[0,0],"2":[0,0],"3":[0,0],"4":[0,0],"5":[0,0],"6":[0,0],"7":[0,0]},"_coverageSchema":"1a1c01bbd47fc00a2c39e90264f33305004495a9","hash":"2598c94269bdeed9935856a93a8b37cb37afc210"}
,"/home/runner/work/Advertisement-Campaigns/Advertisement-Campaigns/helpers/logs.js": {"path":"/home/runner/work/Advertisement-Campaigns/Advertisement-Campaigns/helpers/logs.js","statementMap":{"0":{"start":{"line":1,"column":11},"end":{"line":1,"column":24}},"1":{"start":{"line":2,"column":13},"end":{"line":2,"column":28}},"2":{"start":{"line":3,"column":12},"end":{"line":3,"column":43}},"3":{"start":{"line":5,"column":20},"end":{"line":5,"column":47}},"4":{"start":{"line":6,"column":20},"end":{"line":6,"column":48}},"5":{"start":{"line":8,"column":21},"end":{"line":8,"column":75}},"6":{"start":{"line":9,"column":0},"end":{"line":11,"column":1}},"7":{"start":{"line":10,"column":2},"end":{"line":10,"column":29}},"8":{"start":{"line":14,"column":15},"end":{"line":14,"column":33}},"9":{"start":{"line":15,"column":16},"end":{"line":15,"column":60}},"10":{"start":{"line":16,"column":14},"end":{"line":16,"column":53}},"11":{"start":{"line":17,"column":2},"end":{"line":17,"column":35}},"12":{"start":{"line":20,"column":24},"end":{"line":40,"column":1}},"13":{"start":{"line":22,"column":18},"end":{"line":22,"column":28}},"14":{"start":{"line":23,"column":4},"end":{"line":25,"column":5}},"15":{"start":{"line":24,"column":6},"end":{"line":24,"column":31}},"16":{"start":{"line":27,"column":16},"end":{"line":27,"column":41}},"17":{"start":{"line":28,"column":21},"end":{"line":28,"column":49}},"18":{"start":{"line":31,"column":4},"end":{"line":33,"column":5}},"19":{"start":{"line":32,"column":6},"end":{"line":32,"column":50}},"20":{"start":{"line":34,"column":4},"end":{"line":34,"column":57}},"21":{"start":{"line":42,"column":0},"end":{"line":42,"column":33}}},"fnMap":{"0":{"name":"getFormattedDate","decl":{"start":{"line":13,"column":9},"end":{"line":13,"column":25}},"loc":{"start":{"line":13,"column":32},"end":{"line":18,"column":1}},"line":13},"1":{"name":"(anonymous_1)","decl":{"start":{"line":21,"column":2},"end":{"line":21,"column":3}},"loc":{"start":{"line":21,"column":19},"end":{"line":35,"column":3}},"line":21}},"branchMap":{"0":{"loc":{"start":{"line":8,"column":51},"end":{"line":8,"column":74}},"type":"binary-expr","locations":[{"start":{"line":8,"column":51},"end":{"line":8,"column":64}},{"start":{"line":8,"column":68},"end":{"line":8,"column":74}}],"line":8},"1":{"loc":{"start":{"line":9,"column":0},"end":{"line":11,"column":1}},"type":"if","locations":[{"start":{"line":9,"column":0},"end":{"line":11,"column":1}},{"start":{},"end":{}}],"line":9},"2":{"loc":{"start":{"line":23,"column":4},"end":{"line":25,"column":5}},"type":"if","locations":[{"start":{"line":23,"column":4},"end":{"line":25,"column":5}},{"start":{},"end":{}}],"line":23},"3":{"loc":{"start":{"line":31,"column":4},"end":{"line":33,"column":5}},"type":"if","locations":[{"start":{"line":31,"column":4},"end":{"line":33,"column":5}},{"start":{},"end":{}}],"line":31},"4":{"loc":{"start":{"line":34,"column":26},"end":{"line":34,"column":55}},"type":"binary-expr","locations":[{"start":{"line":34,"column":26},"end":{"line":34,"column":39}},{"start":{"line":34,"column":43},"end":{"line":34,"column":55}}],"line":34}},"s":{"0":1,"1":1,"2":1,"3":1,"4":1,"5":1,"6":1,"7":0,"8":1,"9":1,"10":1,"11":1,"12":1,"13":1,"14":1,"15":0,"16":1,"17":1,"18":1,"19":0,"20":1,"21":1},"f":{"0":1,"1":1},"b":{"0":[1,0],"1":[0,1],"2":[0,1],"3":[0,1],"4":[1,0]},"_coverageSchema":"1a1c01bbd47fc00a2c39e90264f33305004495a9","hash":"259db891d6b682d9252ba14db685272c0b432686"}
,"/home/runner/work/Advertisement-Campaigns/Advertisement-Campaigns/helpers/redis.js": {"path":"/home/runner/work/Advertisement-Campaigns/Advertisement-Campaigns/helpers/redis.js","statementMap":{"0":{"start":{"line":1,"column":14},"end":{"line":1,"column":30}},"1":{"start":{"line":3,"column":18},"end":{"line":3,"column":22}},"2":{"start":{"line":6,"column":2},"end":{"line":8,"column":3}},"3":{"start":{"line":7,"column":4},"end":{"line":7,"column":23}},"4":{"start":{"line":9,"column":2},"end":{"line":9,"column":37}},"5":{"start":{"line":10,"column":2},"end":{"line":10,"column":21}},"6":{"start":{"line":14,"column":2},"end":{"line":26,"column":5}},"7":{"start":{"line":15,"column":19},"end":{"line":17,"column":6}},"8":{"start":{"line":19,"column":4},"end":{"line":25,"column":7}},"9":{"start":{"line":21,"column":6},"end":{"line":21,"column":22}},"10":{"start":{"line":23,"column":6},"end":{"line":23,"column":27}},"11":{"start":{"line":24,"column":6},"end":{"line":24,"column":20}},"12":{"start":{"line":29,"column":0},"end":{"line":29,"column":36}}},"fnMap":{"0":{"name":"getRedisClient","decl":{"start":{"line":5,"column":15},"end":{"line":5,"column":29}},"loc":{"start":{"line":5,"column":32},"end":{"line":11,"column":1}},"line":5},"1":{"name":"createClient","decl":{"start":{"line":13,"column":15},"end":{"line":13,"column":27}},"loc":{"start":{"line":13,"column":30},"end":{"line":27,"column":1}},"line":13},"2":{"name":"(anonymous_2)","decl":{"start":{"line":14,"column":21},"end":{"line":14,"column":22}},"loc":{"start":{"line":14,"column":42},"end":{"line":26,"column":3}},"line":14},"3":{"name":"(anonymous_3)","decl":{"start":{"line":19,"column":26},"end":{"line":19,"column":27}},"loc":{"start":{"line":19,"column":32},"end":{"line":22,"column":5}},"line":19},"4":{"name":"(anonymous_4)","decl":{"start":{"line":22,"column":13},"end":{"line":22,"column":14}},"loc":{"start":{"line":22,"column":24},"end":{"line":25,"column":5}},"line":22}},"branchMap":{"0":{"loc":{"start":{"line":6,"column":2},"end":{"line":8,"column":3}},"type":"if","locations":[{"start":{"line":6,"column":2},"end":{"line":8,"column":3}},{"start":{},"end":{}}],"line":6}},"s":{"0":1,"1":1,"2":1,"3":0,"4":1,"5":1,"6":1,"7":1,"8":1,"9":1,"10":0,"11":0,"12":1},"f":{"0":1,"1":1,"2":1,"3":1,"4":0},"b":{"0":[0,1]},"_coverageSchema":"1a1c01bbd47fc00a2c39e90264f33305004495a9","hash":"d935cd20e20147bdd2e325bb62d148e2d8525ce3"}
,"/home/runner/work/Advertisement-Campaigns/Advertisement-Campaigns/middleware/auth.js": {"path":"/home/runner/work/Advertisement-Campaigns/Advertisement-Campaigns/middleware/auth.js","statementMap":{"0":{"start":{"line":1,"column":12},"end":{"line":1,"column":35}},"1":{"start":{"line":3,"column":23},"end":{"line":33,"column":1}},"2":{"start":{"line":4,"column":13},"end":{"line":4,"column":21}},"3":{"start":{"line":5,"column":15},"end":{"line":5,"column":25}},"4":{"start":{"line":6,"column":17},"end":{"line":6,"column":39}},"5":{"start":{"line":8,"column":14},"end":{"line":8,"column":42}},"6":{"start":{"line":10,"column":2},"end":{"line":12,"column":3}},"7":{"start":{"line":11,"column":4},"end":{"line":11,"column":41}},"8":{"start":{"line":14,"column":2},"end":{"line":18,"column":3}},"9":{"start":{"line":15,"column":4},"end":{"line":17,"column":62}},"10":{"start":{"line":19,"column":2},"end":{"line":32,"column":3}},"11":{"start":{"line":20,"column":23},"end":{"line":20,"column":48}},"12":{"start":{"line":21,"column":16},"end":{"line":21,"column":32}},"13":{"start":{"line":22,"column":4},"end":{"line":27,"column":5}},"14":{"start":{"line":23,"column":6},"end":{"line":26,"column":9}},"15":{"start":{"line":28,"column":4},"end":{"line":28,"column":22}},"16":{"start":{"line":29,"column":4},"end":{"line":29,"column":11}},"17":{"start":{"line":31,"column":4},"end":{"line":31,"column":76}},"18":{"start":{"line":35,"column":0},"end":{"line":35,"column":34}}},"fnMap":{"0":{"name":"(anonymous_0)","decl":{"start":{"line":3,"column":23},"end":{"line":3,"column":24}},"loc":{"start":{"line":3,"column":55},"end":{"line":33,"column":1}},"line":3}},"branchMap":{"0":{"loc":{"start":{"line":10,"column":2},"end":{"line":12,"column":3}},"type":"if","locations":[{"start":{"line":10,"column":2},"end":{"line":12,"column":3}},{"start":{},"end":{}}],"line":10},"1":{"loc":{"start":{"line":10,"column":6},"end":{"line":10,"column":42}},"type":"binary-expr","locations":[{"start":{"line":10,"column":6},"end":{"line":10,"column":11}},{"start":{"line":10,"column":15},"end":{"line":10,"column":42}}],"line":10},"2":{"loc":{"start":{"line":14,"column":2},"end":{"line":18,"column":3}},"type":"if","locations":[{"start":{"line":14,"column":2},"end":{"line":18,"column":3}},{"start":{},"end":{}}],"line":14},"3":{"loc":{"start":{"line":22,"column":4},"end":{"line":27,"column":5}},"type":"if","locations":[{"start":{"line":22,"column":4},"end":{"line":27,"column":5}},{"start":{},"end":{}}],"line":22}},"s":{"0":1,"1":1,"2":3,"3":3,"4":3,"5":3,"6":3,"7":3,"8":3,"9":0,"10":3,"11":3,"12":3,"13":3,"14":0,"15":3,"16":3,"17":0,"18":1},"f":{"0":3},"b":{"0":[3,0],"1":[3,3],"2":[0,3],"3":[0,3]},"_coverageSchema":"1a1c01bbd47fc00a2c39e90264f33305004495a9","hash":"dd54b3c82cb0301ed5e2b9977ddd08bfb694c77a"}
,"/home/runner/work/Advertisement-Campaigns/Advertisement-Campaigns/models/Campaigns.js": {"path":"/home/runner/work/Advertisement-Campaigns/Advertisement-Campaigns/models/Campaigns.js","statementMap":{"0":{"start":{"line":1,"column":17},"end":{"line":1,"column":36}},"1":{"start":{"line":2,"column":13},"end":{"line":2,"column":39}},"2":{"start":{"line":5,"column":23},"end":{"line":55,"column":2}},"3":{"start":{"line":61,"column":0},"end":{"line":63,"column":1}},"4":{"start":{"line":62,"column":2},"end":{"line":62,"column":45}},"5":{"start":{"line":65,"column":0},"end":{"line":65,"column":60}}},"fnMap":{"0":{"name":"(anonymous_0)","decl":{"start":{"line":61,"column":34},"end":{"line":61,"column":35}},"loc":{"start":{"line":61,"column":52},"end":{"line":63,"column":1}},"line":61}},"branchMap":{},"s":{"0":1,"1":1,"2":1,"3":1,"4":0,"5":1},"f":{"0":0},"b":{},"_coverageSchema":"1a1c01bbd47fc00a2c39e90264f33305004495a9","hash":"3810e97575cce18cc7b0f7bc745effd037c2c1d6"}
,"/home/runner/work/Advertisement-Campaigns/Advertisement-Campaigns/models/Conversions.js": {"path":"/home/runner/work/Advertisement-Campaigns/Advertisement-Campaigns/models/Conversions.js","statementMap":{"0":{"start":{"line":1,"column":17},"end":{"line":1,"column":36}},"1":{"start":{"line":3,"column":25},"end":{"line":16,"column":2}},"2":{"start":{"line":18,"column":0},"end":{"line":18,"column":64}}},"fnMap":{},"branchMap":{},"s":{"0":1,"1":1,"2":1},"f":{},"b":{},"_coverageSchema":"1a1c01bbd47fc00a2c39e90264f33305004495a9","hash":"345f121042438c99978a13170588578d0d21558b"}
,"/home/runner/work/Advertisement-Campaigns/Advertisement-Campaigns/models/Scans.js": {"path":"/home/runner/work/Advertisement-Campaigns/Advertisement-Campaigns/models/Scans.js","statementMap":{"0":{"start":{"line":1,"column":17},"end":{"line":1,"column":36}},"1":{"start":{"line":4,"column":23},"end":{"line":32,"column":2}},"2":{"start":{"line":36,"column":19},"end":{"line":64,"column":2}},"3":{"start":{"line":67,"column":0},"end":{"line":67,"column":52}}},"fnMap":{},"branchMap":{},"s":{"0":1,"1":1,"2":1,"3":1},"f":{},"b":{},"_coverageSchema":"1a1c01bbd47fc00a2c39e90264f33305004495a9","hash":"44d377da1991f7242e9e2c1d931df74f9134fa37"}
,"/home/runner/work/Advertisement-Campaigns/Advertisement-Campaigns/routes/auth.js": {"path":"/home/runner/work/Advertisement-Campaigns/Advertisement-Campaigns/routes/auth.js","statementMap":{"0":{"start":{"line":1,"column":16},"end":{"line":1,"column":34}},"1":{"start":{"line":2,"column":15},"end":{"line":2,"column":31}},"2":{"start":{"line":3,"column":12},"end":{"line":3,"column":35}},"3":{"start":{"line":5,"column":0},"end":{"line":24,"column":3}},"4":{"start":{"line":6,"column":28},"end":{"line":6,"column":36}},"5":{"start":{"line":8,"column":2},"end":{"line":10,"column":3}},"6":{"start":{"line":9,"column":4},"end":{"line":9,"column":80}},"7":{"start":{"line":12,"column":2},"end":{"line":17,"column":3}},"8":{"start":{"line":16,"column":4},"end":{"line":16,"column":68}},"9":{"start":{"line":19,"column":14},"end":{"line":21,"column":4}},"10":{"start":{"line":23,"column":2},"end":{"line":23,"column":48}},"11":{"start":{"line":27,"column":0},"end":{"line":27,"column":24}}},"fnMap":{"0":{"name":"(anonymous_0)","decl":{"start":{"line":5,"column":22},"end":{"line":5,"column":23}},"loc":{"start":{"line":5,"column":36},"end":{"line":24,"column":1}},"line":5}},"branchMap":{"0":{"loc":{"start":{"line":8,"column":2},"end":{"line":10,"column":3}},"type":"if","locations":[{"start":{"line":8,"column":2},"end":{"line":10,"column":3}},{"start":{},"end":{}}],"line":8},"1":{"loc":{"start":{"line":8,"column":6},"end":{"line":8,"column":25}},"type":"binary-expr","locations":[{"start":{"line":8,"column":6},"end":{"line":8,"column":12}},{"start":{"line":8,"column":16},"end":{"line":8,"column":25}}],"line":8},"2":{"loc":{"start":{"line":12,"column":2},"end":{"line":17,"column":3}},"type":"if","locations":[{"start":{"line":12,"column":2},"end":{"line":17,"column":3}},{"start":{},"end":{}}],"line":12},"3":{"loc":{"start":{"line":13,"column":4},"end":{"line":14,"column":43}},"type":"binary-expr","locations":[{"start":{"line":13,"column":4},"end":{"line":13,"column":37}},{"start":{"line":14,"column":4},"end":{"line":14,"column":43}}],"line":13},"4":{"loc":{"start":{"line":19,"column":41},"end":{"line":19,"column":75}},"type":"binary-expr","locations":[{"start":{"line":19,"column":41},"end":{"line":19,"column":63}},{"start":{"line":19,"column":67},"end":{"line":19,"column":75}}],"line":19}},"s":{"0":1,"1":1,"2":1,"3":1,"4":1,"5":1,"6":0,"7":1,"8":0,"9":1,"10":1,"11":1},"f":{"0":1},"b":{"0":[0,1],"1":[1,1],"2":[0,1],"3":[1,1],"4":[1,0]},"_coverageSchema":"1a1c01bbd47fc00a2c39e90264f33305004495a9","hash":"b9cfe8d24ff9dcb1fdecc6b8d849c32eb2bb57e7"}
,"/home/runner/work/Advertisement-Campaigns/Advertisement-Campaigns/routes/campaigns.js": {"path":"/home/runner/work/Advertisement-Campaigns/Advertisement-Campaigns/routes/campaigns.js","statementMap":{"0":{"start":{"line":1,"column":16},"end":{"line":1,"column":34}},"1":{"start":{"line":2,"column":15},"end":{"line":2,"column":31}},"2":{"start":{"line":3,"column":28},"end":{"line":3,"column":73}},"3":{"start":{"line":4,"column":28},"end":{"line":4,"column":53}},"4":{"start":{"line":5,"column":25},"end":{"line":5,"column":54}},"5":{"start":{"line":8,"column":0},"end":{"line":8,"column":77}},"6":{"start":{"line":9,"column":0},"end":{"line":9,"column":52}},"7":{"start":{"line":10,"column":0},"end":{"line":10,"column":73}},"8":{"start":{"line":11,"column":0},"end":{"line":11,"column":76}},"9":{"start":{"line":12,"column":0},"end":{"line":12,"column":50}},"10":{"start":{"line":14,"column":0},"end":{"line":14,"column":24}}},"fnMap":{},"branchMap":{},"s":{"0":1,"1":1,"2":1,"3":1,"4":1,"5":1,"6":1,"7":1,"8":1,"9":1,"10":1},"f":{},"b":{},"_coverageSchema":"1a1c01bbd47fc00a2c39e90264f33305004495a9","hash":"41a2a1eb0723288e2e6d9fee5c776fca42c8dcab"}
,"/home/runner/work/Advertisement-Campaigns/Advertisement-Campaigns/routes/conversions.js": {"path":"/home/runner/work/Advertisement-Campaigns/Advertisement-Campaigns/routes/conversions.js","statementMap":{"0":{"start":{"line":1,"column":16},"end":{"line":1,"column":34}},"1":{"start":{"line":2,"column":15},"end":{"line":2,"column":31}},"2":{"start":{"line":3,"column":11},"end":{"line":3,"column":40}},"3":{"start":{"line":5,"column":29},"end":{"line":5,"column":76}},"4":{"start":{"line":6,"column":29},"end":{"line":6,"column":55}},"5":{"start":{"line":8,"column":0},"end":{"line":10,"column":2}},"6":{"start":{"line":9,"column":2},"end":{"line":9,"column":49}},"7":{"start":{"line":12,"column":0},"end":{"line":14,"column":2}},"8":{"start":{"line":13,"column":2},"end":{"line":13,"column":46}},"9":{"start":{"line":16,"column":0},"end":{"line":16,"column":24}}},"fnMap":{"0":{"name":"(anonymous_0)","decl":{"start":{"line":8,"column":21},"end":{"line":8,"column":22}},"loc":{"start":{"line":9,"column":2},"end":{"line":9,"column":49}},"line":9},"1":{"name":"(anonymous_1)","decl":{"start":{"line":12,"column":32},"end":{"line":12,"column":33}},"loc":{"start":{"line":13,"column":2},"end":{"line":13,"column":46}},"line":13}},"branchMap":{},"s":{"0":1,"1":1,"2":1,"3":1,"4":1,"5":1,"6":0,"7":1,"8":0,"9":1},"f":{"0":0,"1":0},"b":{},"_coverageSchema":"1a1c01bbd47fc00a2c39e90264f33305004495a9","hash":"b432d9c8b825f85664d491d6a8a73b757109f27a"}
,"/home/runner/work/Advertisement-Campaigns/Advertisement-Campaigns/routes/qrcode.js": {"path":"/home/runner/work/Advertisement-Campaigns/Advertisement-Campaigns/routes/qrcode.js","statementMap":{"0":{"start":{"line":1,"column":16},"end":{"line":1,"column":34}},"1":{"start":{"line":2,"column":15},"end":{"line":2,"column":31}},"2":{"start":{"line":3,"column":25},"end":{"line":3,"column":67}},"3":{"start":{"line":4,"column":25},"end":{"line":4,"column":47}},"4":{"start":{"line":8,"column":0},"end":{"line":8,"column":88}},"5":{"start":{"line":8,"column":45},"end":{"line":8,"column":86}},"6":{"start":{"line":9,"column":0},"end":{"line":9,"column":98}},"7":{"start":{"line":9,"column":51},"end":{"line":9,"column":96}},"8":{"start":{"line":11,"column":0},"end":{"line":11,"column":24}}},"fnMap":{"0":{"name":"(anonymous_0)","decl":{"start":{"line":8,"column":25},"end":{"line":8,"column":26}},"loc":{"start":{"line":8,"column":45},"end":{"line":8,"column":86}},"line":8},"1":{"name":"(anonymous_1)","decl":{"start":{"line":9,"column":31},"end":{"line":9,"column":32}},"loc":{"start":{"line":9,"column":51},"end":{"line":9,"column":96}},"line":9}},"branchMap":{},"s":{"0":1,"1":1,"2":1,"3":1,"4":1,"5":0,"6":1,"7":0,"8":1},"f":{"0":0,"1":0},"b":{},"_coverageSchema":"1a1c01bbd47fc00a2c39e90264f33305004495a9","hash":"8ef97487e6b0b6dc6694df892b5f0f125765ce41"}
,"/home/runner/work/Advertisement-Campaigns/Advertisement-Campaigns/routes/statistics.js": {"path":"/home/runner/work/Advertisement-Campaigns/Advertisement-Campaigns/routes/statistics.js","statementMap":{"0":{"start":{"line":1,"column":16},"end":{"line":1,"column":34}},"1":{"start":{"line":2,"column":15},"end":{"line":2,"column":31}},"2":{"start":{"line":3,"column":29},"end":{"line":3,"column":75}},"3":{"start":{"line":4,"column":11},"end":{"line":4,"column":40}},"4":{"start":{"line":6,"column":29},"end":{"line":6,"column":55}},"5":{"start":{"line":8,"column":0},"end":{"line":10,"column":2}},"6":{"start":{"line":9,"column":2},"end":{"line":9,"column":54}},"7":{"start":{"line":12,"column":0},"end":{"line":12,"column":24}}},"fnMap":{"0":{"name":"(anonymous_0)","decl":{"start":{"line":8,"column":34},"end":{"line":8,"column":35}},"loc":{"start":{"line":9,"column":2},"end":{"line":9,"column":54}},"line":9}},"branchMap":{},"s":{"0":1,"1":1,"2":1,"3":1,"4":1,"5":1,"6":0,"7":1},"f":{"0":0},"b":{},"_coverageSchema":"1a1c01bbd47fc00a2c39e90264f33305004495a9","hash":"79f29d601de500fcaa3f589b5a9214a747304c6f"}
}
