TN:
SF:app.js
FN:62,(anonymous_0)
FN:67,startServer
FN:82,(anonymous_2)
FN:89,(anonymous_3)
FN:96,(anonymous_4)
FN:102,(anonymous_5)
FN:107,stopServer
FNF:7
FNH:4
FNDA:0,(anonymous_0)
FNDA:1,startServer
FNDA:1,(anonymous_2)
FNDA:0,(anonymous_3)
FNDA:0,(anonymous_4)
FNDA:1,(anonymous_5)
FNDA:1,stopServer
DA:1,1
DA:2,1
DA:3,1
DA:4,1
DA:5,1
DA:6,1
DA:7,1
DA:8,1
DA:9,1
DA:10,1
DA:11,1
DA:12,1
DA:13,1
DA:14,1
DA:15,1
DA:18,1
DA:19,1
DA:20,1
DA:21,1
DA:22,1
DA:26,1
DA:30,1
DA:34,1
DA:37,1
DA:40,1
DA:43,1
DA:44,0
DA:46,1
DA:50,1
DA:51,1
DA:54,1
DA:56,1
DA:57,1
DA:58,1
DA:59,1
DA:60,1
DA:62,1
DA:63,0
DA:68,1
DA:69,1
DA:70,1
DA:71,1
DA:72,1
DA:74,1
DA:76,1
DA:77,0
DA:80,1
DA:83,1
DA:84,0
DA:86,1
DA:87,1
DA:88,0
DA:89,0
DA:90,0
DA:97,0
DA:100,1
DA:101,1
DA:102,1
DA:108,1
DA:109,1
DA:110,1
DA:114,1
DA:115,0
DA:118,1
LF:64
LH:55
BRDA:43,0,0,0
BRDA:43,0,1,1
BRDA:54,1,0,1
BRDA:54,1,1,0
BRDA:68,2,0,1
BRDA:68,2,1,0
BRDA:69,3,0,1
BRDA:69,3,1,0
BRDA:70,4,0,1
BRDA:70,4,1,0
BRDA:71,5,0,1
BRDA:71,5,1,0
BRDA:72,6,0,1
BRDA:72,6,1,0
BRDA:76,7,0,0
BRDA:76,7,1,1
BRDA:83,8,0,0
BRDA:83,8,1,1
BRDA:87,9,0,0
BRDA:87,9,1,1
BRDA:100,10,0,1
BRDA:100,10,1,0
BRDA:109,11,0,1
BRDA:109,11,1,0
BRDA:114,12,0,0
BRDA:114,12,1,1
BRF:26
BRH:13
end_of_record
TN:
SF:controllers/CampaignsController.js
FN:7,(anonymous_0)
FN:14,(anonymous_1)
FN:52,(anonymous_2)
FN:67,(anonymous_3)
FN:100,(anonymous_4)
FN:114,(anonymous_5)
FNF:6
FNH:6
FNDA:1,(anonymous_0)
FNDA:1,(anonymous_1)
FNDA:1,(anonymous_2)
FNDA:1,(anonymous_3)
FNDA:1,(anonymous_4)
FNDA:1,(anonymous_5)
DA:1,1
DA:2,1
DA:5,1
DA:8,1
DA:9,0
DA:11,1
DA:15,1
DA:16,1
DA:25,1
DA:26,1
DA:27,0
DA:33,1
DA:36,1
DA:37,0
DA:42,1
DA:43,1
DA:44,1
DA:45,1
DA:47,0
DA:48,0
DA:55,1
DA:56,1
DA:57,1
DA:58,1
DA:59,0
DA:61,1
DA:63,0
DA:70,1
DA:71,1
DA:72,1
DA:82,1
DA:83,1
DA:84,0
DA:89,1
DA:90,1
DA:91,1
DA:92,0
DA:94,1
DA:96,0
DA:102,1
DA:103,1
DA:104,1
DA:105,1
DA:106,0
DA:108,1
DA:110,0
DA:115,1
DA:116,1
DA:117,1
DA:119,0
DA:124,1
LF:51
LH:38
BRDA:8,0,0,0
BRDA:8,0,1,1
BRDA:26,1,0,0
BRDA:26,1,1,1
BRDA:36,2,0,0
BRDA:36,2,1,1
BRDA:58,3,0,0
BRDA:58,3,1,1
BRDA:83,4,0,0
BRDA:83,4,1,1
BRDA:91,5,0,0
BRDA:91,5,1,1
BRDA:105,6,0,0
BRDA:105,6,1,1
BRF:14
BRH:7
end_of_record
TN:
SF:controllers/ConversionsController.js
FN:10,(anonymous_0)
FN:17,(anonymous_1)
FN:65,(anonymous_2)
FNF:3
FNH:1
FNDA:1,(anonymous_0)
FNDA:0,(anonymous_1)
FNDA:0,(anonymous_2)
DA:1,1
DA:2,1
DA:3,1
DA:4,1
DA:8,1
DA:11,1
DA:12,0
DA:14,1
DA:18,0
DA:19,0
DA:20,0
DA:22,0
DA:27,0
DA:29,0
DA:30,0
DA:35,0
DA:36,0
DA:37,0
DA:41,0
DA:42,0
DA:43,0
DA:47,0
DA:48,0
DA:49,0
DA:50,0
DA:51,0
DA:55,0
DA:60,0
DA:62,0
DA:67,0
DA:69,0
DA:74,0
DA:75,0
DA:77,0
DA:81,1
LF:35
LH:8
BRDA:11,0,0,0
BRDA:11,0,1,1
BRDA:29,1,0,0
BRDA:29,1,1,0
BRDA:36,2,0,0
BRDA:36,2,1,0
BRDA:42,3,0,0
BRDA:42,3,1,0
BRDA:50,4,0,0
BRDA:50,4,1,0
BRDA:50,5,0,0
BRDA:50,5,1,0
BRDA:74,6,0,0
BRDA:74,6,1,0
BRF:14
BRH:1
end_of_record
TN:
SF:controllers/QrCodeController.js
FN:23,(anonymous_0)
FN:30,(anonymous_1)
FN:66,(anonymous_2)
FN:127,(anonymous_3)
FN:148,(anonymous_4)
FN:162,(anonymous_5)
FNF:6
FNH:1
FNDA:1,(anonymous_0)
FNDA:0,(anonymous_1)
FNDA:0,(anonymous_2)
FNDA:0,(anonymous_3)
FNDA:0,(anonymous_4)
FNDA:0,(anonymous_5)
DA:1,1
DA:2,1
DA:3,1
DA:4,1
DA:5,1
DA:6,1
DA:7,1
DA:8,1
DA:9,1
DA:21,1
DA:24,1
DA:25,0
DA:27,1
DA:31,0
DA:33,0
DA:34,0
DA:37,0
DA:38,0
DA:41,0
DA:42,0
DA:45,0
DA:46,0
DA:47,0
DA:48,0
DA:52,0
DA:53,0
DA:56,0
DA:57,0
DA:58,0
DA:61,0
DA:62,0
DA:63,0
DA:67,0
DA:68,0
DA:69,0
DA:70,0
DA:71,0
DA:72,0
DA:74,0
DA:75,0
DA:78,0
DA:79,0
DA:80,0
DA:83,0
DA:86,0
DA:87,0
DA:88,0
DA:89,0
DA:90,0
DA:93,0
DA:94,0
DA:95,0
DA:97,0
DA:98,0
DA:99,0
DA:104,0
DA:105,0
DA:123,0
DA:128,0
DA:129,0
DA:130,0
DA:131,0
DA:132,0
DA:133,0
DA:134,0
DA:135,0
DA:145,0
DA:149,0
DA:162,0
DA:163,0
DA:168,1
LF:71
LH:13
BRDA:24,0,0,0
BRDA:24,0,1,1
BRDA:33,1,0,0
BRDA:33,1,1,0
BRDA:33,2,0,0
BRDA:33,2,1,0
BRDA:37,3,0,0
BRDA:37,3,1,0
BRDA:41,4,0,0
BRDA:41,4,1,0
BRDA:45,5,0,0
BRDA:45,5,1,0
BRDA:47,6,0,0
BRDA:47,6,1,0
BRDA:52,7,0,0
BRDA:52,7,1,0
BRDA:57,8,0,0
BRDA:57,8,1,0
BRDA:71,9,0,0
BRDA:71,9,1,0
BRDA:74,10,0,0
BRDA:74,10,1,0
BRDA:93,11,0,0
BRDA:93,11,1,0
BRDA:93,12,0,0
BRDA:93,12,1,0
BRDA:97,13,0,0
BRDA:97,13,1,0
BRDA:97,14,0,0
BRDA:97,14,1,0
BRDA:130,15,0,0
BRDA:130,15,1,0
BRDA:132,16,0,0
BRDA:132,16,1,0
BRDA:141,17,0,0
BRDA:141,17,1,0
BRDA:142,18,0,0
BRDA:142,18,1,0
BRF:38
BRH:1
end_of_record
TN:
SF:controllers/StatisticsController.js
FN:8,(anonymous_0)
FN:15,(anonymous_1)
FN:36,(anonymous_2)
FN:45,(anonymous_3)
FN:54,(anonymous_4)
FNF:5
FNH:1
FNDA:1,(anonymous_0)
FNDA:0,(anonymous_1)
FNDA:0,(anonymous_2)
FNDA:0,(anonymous_3)
FNDA:0,(anonymous_4)
DA:1,1
DA:2,1
DA:6,1
DA:9,1
DA:10,0
DA:12,1
DA:18,0
DA:20,0
DA:22,0
DA:23,0
DA:26,0
DA:29,0
DA:36,0
DA:37,0
DA:38,0
DA:39,0
DA:41,0
DA:45,0
DA:46,0
DA:47,0
DA:48,0
DA:50,0
DA:54,0
DA:55,0
DA:56,0
DA:57,0
DA:59,0
DA:63,0
DA:70,1
LF:29
LH:6
BRDA:9,0,0,0
BRDA:9,0,1,1
BRDA:22,1,0,0
BRDA:22,1,1,0
BRDA:37,2,0,0
BRDA:37,2,1,0
BRDA:38,3,0,0
BRDA:38,3,1,0
BRDA:46,4,0,0
BRDA:46,4,1,0
BRDA:47,5,0,0
BRDA:47,5,1,0
BRDA:55,6,0,0
BRDA:55,6,1,0
BRDA:56,7,0,0
BRDA:56,7,1,0
BRF:16
BRH:1
end_of_record
TN:
SF:helpers/logs.js
FN:13,getFormattedDate
FN:21,(anonymous_1)
FNF:2
FNH:2
FNDA:1,getFormattedDate
FNDA:1,(anonymous_1)
DA:1,1
DA:2,1
DA:3,1
DA:5,1
DA:6,1
DA:8,1
DA:9,1
DA:10,1
DA:14,1
DA:15,1
DA:16,1
DA:17,1
DA:20,1
DA:22,1
DA:23,1
DA:24,0
DA:27,1
DA:28,1
DA:31,1
DA:32,1
DA:34,1
DA:42,1
LF:22
LH:21
BRDA:8,0,0,1
BRDA:8,0,1,0
BRDA:9,1,0,1
BRDA:9,1,1,0
BRDA:23,2,0,0
BRDA:23,2,1,1
BRDA:31,3,0,1
BRDA:31,3,1,0
BRDA:34,4,0,1
BRDA:34,4,1,0
BRF:10
BRH:5
end_of_record
TN:
SF:helpers/redis.js
FN:5,getRedisClient
FN:13,createClient
FN:14,(anonymous_2)
FN:19,(anonymous_3)
FN:22,(anonymous_4)
FNF:5
FNH:4
FNDA:1,getRedisClient
FNDA:1,createClient
FNDA:1,(anonymous_2)
FNDA:1,(anonymous_3)
FNDA:0,(anonymous_4)
DA:1,1
DA:3,1
DA:6,1
DA:7,0
DA:9,1
DA:10,1
DA:14,1
DA:15,1
DA:19,1
DA:21,1
DA:23,0
DA:24,0
DA:29,1
LF:13
LH:10
BRDA:6,0,0,0
BRDA:6,0,1,1
BRF:2
BRH:1
end_of_record
TN:
SF:middleware/auth.js
FN:3,(anonymous_0)
FNF:1
FNH:1
FNDA:3,(anonymous_0)
DA:1,1
DA:3,1
DA:4,3
DA:5,3
DA:6,3
DA:8,3
DA:10,3
DA:11,3
DA:14,3
DA:15,0
DA:19,3
DA:20,3
DA:21,3
DA:22,3
DA:23,0
DA:28,3
DA:29,3
DA:31,0
DA:35,1
LF:19
LH:16
BRDA:10,0,0,3
BRDA:10,0,1,0
BRDA:10,1,0,3
BRDA:10,1,1,3
BRDA:14,2,0,0
BRDA:14,2,1,3
BRDA:22,3,0,0
BRDA:22,3,1,3
BRF:8
BRH:5
end_of_record
TN:
SF:models/Campaigns.js
FN:61,(anonymous_0)
FNF:1
FNH:0
FNDA:0,(anonymous_0)
DA:1,1
DA:2,1
DA:5,1
DA:61,1
DA:62,0
DA:65,1
LF:6
LH:5
BRF:0
BRH:0
end_of_record
TN:
SF:models/Conversions.js
FNF:0
FNH:0
DA:1,1
DA:3,1
DA:18,1
LF:3
LH:3
BRF:0
BRH:0
end_of_record
TN:
SF:models/Scans.js
FNF:0
FNH:0
DA:1,1
DA:4,1
DA:36,1
DA:67,1
LF:4
LH:4
BRF:0
BRH:0
end_of_record
TN:
SF:routes/auth.js
FN:5,(anonymous_0)
FNF:1
FNH:1
FNDA:1,(anonymous_0)
DA:1,1
DA:2,1
DA:3,1
DA:5,1
DA:6,1
DA:8,1
DA:9,0
DA:12,1
DA:16,0
DA:19,1
DA:23,1
DA:27,1
LF:12
LH:10
BRDA:8,0,0,0
BRDA:8,0,1,1
BRDA:8,1,0,1
BRDA:8,1,1,1
BRDA:12,2,0,0
BRDA:12,2,1,1
BRDA:13,3,0,1
BRDA:13,3,1,1
BRDA:19,4,0,1
BRDA:19,4,1,0
BRF:10
BRH:7
end_of_record
TN:
SF:routes/campaigns.js
FNF:0
FNH:0
DA:1,1
DA:2,1
DA:3,1
DA:4,1
DA:5,1
DA:8,1
DA:9,1
DA:10,1
DA:11,1
DA:12,1
DA:14,1
LF:11
LH:11
BRF:0
BRH:0
end_of_record
TN:
SF:routes/conversions.js
FN:8,(anonymous_0)
FN:12,(anonymous_1)
FNF:2
FNH:0
FNDA:0,(anonymous_0)
FNDA:0,(anonymous_1)
DA:1,1
DA:2,1
DA:3,1
DA:5,1
DA:6,1
DA:8,1
DA:9,0
DA:12,1
DA:13,0
DA:16,1
LF:10
LH:8
BRF:0
BRH:0
end_of_record
TN:
SF:routes/qrcode.js
FN:8,(anonymous_0)
FN:9,(anonymous_1)
FNF:2
FNH:0
FNDA:0,(anonymous_0)
FNDA:0,(anonymous_1)
DA:1,1
DA:2,1
DA:3,1
DA:4,1
DA:8,1
DA:9,1
DA:11,1
LF:7
LH:7
BRF:0
BRH:0
end_of_record
TN:
SF:routes/statistics.js
FN:8,(anonymous_0)
FNF:1
FNH:0
FNDA:0,(anonymous_0)
DA:1,1
DA:2,1
DA:3,1
DA:4,1
DA:6,1
DA:8,1
DA:9,0
DA:12,1
LF:8
LH:7
BRF:0
BRH:0
end_of_record
